2022-04-16 15:27:24.785 DEBUG 4308 --- [http-nio-8080-exec-4] m.s.mapper.StudentMapper.selectList      : <==      Total: 607
2022-04-16 15:27:24.952 DEBUG 4308 --- [http-nio-8080-exec-5] m.s.mapper.StudentMapper.selectList      : ==>  Preparing: SELECT student_no,name,sex,telephone_number,family_telephone_number,birthday,address,id_card,email,dormitory_number,class_no,state,remarks FROM student
2022-04-16 15:27:24.953 DEBUG 4308 --- [http-nio-8080-exec-5] m.s.mapper.StudentMapper.selectList      : ==> Parameters: 
2022-04-16 15:27:24.969 DEBUG 4308 --- [http-nio-8080-exec-5] m.s.mapper.StudentMapper.selectList      : <==      Total: 607
2022-04-16 15:27:25.116 DEBUG 4308 --- [http-nio-8080-exec-6] m.s.mapper.StudentMapper.selectList      : ==>  Preparing: SELECT student_no,name,sex,telephone_number,family_telephone_number,birthday,address,id_card,email,dormitory_number,class_no,state,remarks FROM student
2022-04-16 15:27:25.116 DEBUG 4308 --- [http-nio-8080-exec-6] m.s.mapper.StudentMapper.selectList      : ==> Parameters: 
2022-04-16 15:27:25.133 DEBUG 4308 --- [http-nio-8080-exec-6] m.s.mapper.StudentMapper.selectList      : <==      Total: 607
2022-04-16 15:27:26.381 DEBUG 4308 --- [http-nio-8080-exec-7] m.s.controller.StudentController         : 202012341053
2022-04-16 15:27:26.810 DEBUG 4308 --- [http-nio-8080-exec-9] m.s.controller.StudentController         : 202012341053
2022-04-16 15:27:27.007 DEBUG 4308 --- [http-nio-8080-exec-10] m.s.controller.StudentController         : 202012341053
2022-04-16 15:27:27.207 DEBUG 4308 --- [http-nio-8080-exec-8] m.s.controller.StudentController         : 202012341053
2022-04-16 15:27:27.571 DEBUG 4308 --- [http-nio-8080-exec-2] m.s.controller.StudentController         : 202012341053
2022-04-16 15:27:27.753 DEBUG 4308 --- [http-nio-8080-exec-1] m.s.controller.StudentController         : 202012341053
2022-04-16 15:27:27.925 DEBUG 4308 --- [http-nio-8080-exec-3] m.s.controller.StudentController         : 202012341053
2022-04-16 15:27:28.112 DEBUG 4308 --- [http-nio-8080-exec-4] m.s.controller.StudentController         : 202012341053
2022-04-16 15:27:28.307 DEBUG 4308 --- [http-nio-8080-exec-5] m.s.controller.StudentController         : 202012341053
2022-04-16 15:27:28.505 DEBUG 4308 --- [http-nio-8080-exec-6] m.s.controller.StudentController         : 202012341053
2022-04-16 15:27:28.677 DEBUG 4308 --- [http-nio-8080-exec-7] m.s.controller.StudentController         : 202012341053
2022-04-16 15:27:28.861 DEBUG 4308 --- [http-nio-8080-exec-9] m.s.controller.StudentController         : 202012341053
2022-04-16 15:27:29.039 DEBUG 4308 --- [http-nio-8080-exec-10] m.s.controller.StudentController         : 202012341053
2022-04-16 15:27:29.352 DEBUG 4308 --- [http-nio-8080-exec-8] m.s.controller.StudentController         : 202012341053
2022-04-16 15:27:29.560 DEBUG 4308 --- [http-nio-8080-exec-2] m.s.controller.StudentController         : 202012341053
2022-04-16 15:27:30.644 DEBUG 4308 --- [http-nio-8080-exec-1] m.s.mapper.StudentMapper.selectList      : ==>  Preparing: SELECT student_no,name,sex,telephone_number,family_telephone_number,birthday,address,id_card,email,dormitory_number,class_no,state,remarks FROM student
2022-04-16 15:27:30.644 DEBUG 4308 --- [http-nio-8080-exec-1] m.s.mapper.StudentMapper.selectList      : ==> Parameters: 
2022-04-16 15:27:30.664 DEBUG 4308 --- [http-nio-8080-exec-1] m.s.mapper.StudentMapper.selectList      : <==      Total: 607
2022-04-16 15:27:30.821 DEBUG 4308 --- [http-nio-8080-exec-3] m.s.mapper.StudentMapper.selectList      : ==>  Preparing: SELECT student_no,name,sex,telephone_number,family_telephone_number,birthday,address,id_card,email,dormitory_number,class_no,state,remarks FROM student
2022-04-16 15:27:30.821 DEBUG 4308 --- [http-nio-8080-exec-3] m.s.mapper.StudentMapper.selectList      : ==> Parameters: 
2022-04-16 15:27:30.838 DEBUG 4308 --- [http-nio-8080-exec-3] m.s.mapper.StudentMapper.selectList      : <==      Total: 607
2022-04-16 15:27:31.000 DEBUG 4308 --- [http-nio-8080-exec-4] m.s.mapper.StudentMapper.selectList      : ==>  Preparing: SELECT student_no,name,sex,telephone_number,family_telephone_number,birthday,address,id_card,email,dormitory_number,class_no,state,remarks FROM student
2022-04-16 15:27:31.000 DEBUG 4308 --- [http-nio-8080-exec-4] m.s.mapper.StudentMapper.selectList      : ==> Parameters: 
2022-04-16 15:27:31.017 DEBUG 4308 --- [http-nio-8080-exec-4] m.s.mapper.StudentMapper.selectList      : <==      Total: 607
2022-04-16 15:27:31.161 DEBUG 4308 --- [http-nio-8080-exec-5] m.s.mapper.StudentMapper.selectList      : ==>  Preparing: SELECT student_no,name,sex,telephone_number,family_telephone_number,birthday,address,id_card,email,dormitory_number,class_no,state,remarks FROM student
2022-04-16 15:27:31.161 DEBUG 4308 --- [http-nio-8080-exec-5] m.s.mapper.StudentMapper.selectList      : ==> Parameters: 
2022-04-16 15:27:31.179 DEBUG 4308 --- [http-nio-8080-exec-5] m.s.mapper.StudentMapper.selectList      : <==      Total: 607
2022-04-16 15:27:31.351 DEBUG 4308 --- [http-nio-8080-exec-6] m.s.mapper.StudentMapper.selectList      : ==>  Preparing: SELECT student_no,name,sex,telephone_number,family_telephone_number,birthday,address,id_card,email,dormitory_number,class_no,state,remarks FROM student
2022-04-16 15:27:31.352 DEBUG 4308 --- [http-nio-8080-exec-6] m.s.mapper.StudentMapper.selectList      : ==> Parameters: 
2022-04-16 15:27:31.372 DEBUG 4308 --- [http-nio-8080-exec-6] m.s.mapper.StudentMapper.selectList      : <==      Total: 607
2022-04-16 15:29:59.809  INFO 4308 --- [SpringApplicationShutdownHook] com.alibaba.druid.pool.DruidDataSource   : {dataSource-3} closing ...
2022-04-16 15:29:59.810  INFO 4308 --- [SpringApplicationShutdownHook] com.alibaba.druid.pool.DruidDataSource   : {dataSource-3} closed
2022-04-16 15:32:46.543  INFO 18788 --- [main] m.s.service.IStudentServiceTest          : Starting IStudentServiceTest using Java 16.0.2 on mao with PID 18788 (started by mao in H:\程序\大三下期\spring_boot业务层测试事务回滚)
2022-04-16 15:32:46.544 DEBUG 18788 --- [main] m.s.service.IStudentServiceTest          : Running with Spring Boot v2.6.6, Spring v5.3.18
2022-04-16 15:32:46.545  INFO 18788 --- [main] m.s.service.IStudentServiceTest          : The following 1 profile is active: "dev"
2022-04-16 15:32:47.513  INFO 18788 --- [main] c.a.d.s.b.a.DruidDataSourceAutoConfigure : Init DruidDataSource
2022-04-16 15:32:47.771  INFO 18788 --- [main] com.alibaba.druid.pool.DruidDataSource   : {dataSource-1} inited
2022-04-16 15:32:49.336  INFO 18788 --- [main] m.s.service.IStudentServiceTest          : Started IStudentServiceTest in 3.192 seconds (JVM running for 4.054)
2022-04-16 15:32:49.902  INFO 18788 --- [main] o.s.t.c.transaction.TransactionContext   : Began transaction (1) for test context [DefaultTestContext@66c61024 testClass = IStudentServiceTest, testInstance = mao.spring_boot_business_layer_test_transaction_rollback.service.IStudentServiceTest@134a8ead, testMethod = delete@IStudentServiceTest, testException = [null], mergedContextConfiguration = [WebMergedContextConfiguration@61fe30 testClass = IStudentServiceTest, locations = '{}', classes = '{class mao.spring_boot_business_layer_test_transaction_rollback.SpringBootBusinessLayerTestTransactionRollbackApplication}', contextInitializerClasses = '[]', activeProfiles = '{}', propertySourceLocations = '{}', propertySourceProperties = '{org.springframework.boot.test.context.SpringBootTestContextBootstrapper=true}', contextCustomizers = set[org.springframework.boot.test.context.filter.ExcludeFilterContextCustomizer@35aea049, org.springframework.boot.test.json.DuplicateJsonObjectContextCustomizerFactory$DuplicateJsonObjectContextCustomizer@22ef9844, org.springframework.boot.test.mock.mockito.MockitoContextCustomizer@0, org.springframework.boot.test.web.client.TestRestTemplateContextCustomizer@21e360a, org.springframework.boot.test.autoconfigure.actuate.metrics.MetricsExportContextCustomizerFactory$DisableMetricExportContextCustomizer@e15b7e8, org.springframework.boot.test.autoconfigure.properties.PropertyMappingContextCustomizer@0, org.springframework.boot.test.autoconfigure.web.servlet.WebDriverContextCustomizerFactory$Customizer@957e06, org.springframework.boot.test.context.SpringBootTestArgs@1, org.springframework.boot.test.context.SpringBootTestWebEnvironment@5bfbf16f], resourceBasePath = 'src/main/webapp', contextLoader = 'org.springframework.boot.test.context.SpringBootContextLoader', parent = [null]], attributes = map['org.springframework.test.context.web.ServletTestExecutionListener.activateListener' -> true, 'org.springframework.test.context.web.ServletTestExecutionListener.populatedRequestContextHolder' -> true, 'org.springframework.test.context.web.ServletTestExecutionListener.resetRequestContextHolder' -> true, 'org.springframework.test.context.event.ApplicationEventsTestExecutionListener.recordApplicationEvents' -> false]]; transaction manager [org.springframework.jdbc.support.JdbcTransactionManager@427308f8]; rollback [true]
2022-04-16 15:32:50.444 DEBUG 18788 --- [main] m.s.mapper.StudentMapper.deleteById      : ==>  Preparing: DELETE FROM student WHERE student_no=?
2022-04-16 15:32:50.487 DEBUG 18788 --- [main] m.s.mapper.StudentMapper.deleteById      : ==> Parameters: 202012341078(Long)
2022-04-16 15:32:50.491 DEBUG 18788 --- [main] m.s.mapper.StudentMapper.deleteById      : <==    Updates: 1
2022-04-16 15:32:50.510  INFO 18788 --- [main] o.s.t.c.transaction.TransactionContext   : Rolled back transaction for test: [DefaultTestContext@66c61024 testClass = IStudentServiceTest, testInstance = mao.spring_boot_business_layer_test_transaction_rollback.service.IStudentServiceTest@134a8ead, testMethod = delete@IStudentServiceTest, testException = [null], mergedContextConfiguration = [WebMergedContextConfiguration@61fe30 testClass = IStudentServiceTest, locations = '{}', classes = '{class mao.spring_boot_business_layer_test_transaction_rollback.SpringBootBusinessLayerTestTransactionRollbackApplication}', contextInitializerClasses = '[]', activeProfiles = '{}', propertySourceLocations = '{}', propertySourceProperties = '{org.springframework.boot.test.context.SpringBootTestContextBootstrapper=true}', contextCustomizers = set[org.springframework.boot.test.context.filter.ExcludeFilterContextCustomizer@35aea049, org.springframework.boot.test.json.DuplicateJsonObjectContextCustomizerFactory$DuplicateJsonObjectContextCustomizer@22ef9844, org.springframework.boot.test.mock.mockito.MockitoContextCustomizer@0, org.springframework.boot.test.web.client.TestRestTemplateContextCustomizer@21e360a, org.springframework.boot.test.autoconfigure.actuate.metrics.MetricsExportContextCustomizerFactory$DisableMetricExportContextCustomizer@e15b7e8, org.springframework.boot.test.autoconfigure.properties.PropertyMappingContextCustomizer@0, org.springframework.boot.test.autoconfigure.web.servlet.WebDriverContextCustomizerFactory$Customizer@957e06, org.springframework.boot.test.context.SpringBootTestArgs@1, org.springframework.boot.test.context.SpringBootTestWebEnvironment@5bfbf16f], resourceBasePath = 'src/main/webapp', contextLoader = 'org.springframework.boot.test.context.SpringBootContextLoader', parent = [null]], attributes = map['org.springframework.test.context.web.ServletTestExecutionListener.activateListener' -> true, 'org.springframework.test.context.web.ServletTestExecutionListener.populatedRequestContextHolder' -> true, 'org.springframework.test.context.web.ServletTestExecutionListener.resetRequestContextHolder' -> true, 'org.springframework.test.context.event.ApplicationEventsTestExecutionListener.recordApplicationEvents' -> false]]
2022-04-16 15:32:50.528  INFO 18788 --- [main] .b.t.c.SpringBootTestContextBootstrapper : Neither @ContextConfiguration nor @ContextHierarchy found for test class [mao.spring_boot_business_layer_test_transaction_rollback.SpringBootBusinessLayerTestTransactionRollbackApplicationTests], using SpringBootContextLoader
2022-04-16 15:32:50.530  INFO 18788 --- [main] o.s.t.c.support.AbstractContextLoader    : Could not detect default resource locations for test class [mao.spring_boot_business_layer_test_transaction_rollback.SpringBootBusinessLayerTestTransactionRollbackApplicationTests]: no resource found for suffixes {-context.xml, Context.groovy}.
2022-04-16 15:32:50.531  INFO 18788 --- [main] t.c.s.AnnotationConfigContextLoaderUtils : Could not detect default configuration classes for test class [mao.spring_boot_business_layer_test_transaction_rollback.SpringBootBusinessLayerTestTransactionRollbackApplicationTests]: SpringBootBusinessLayerTestTransactionRollbackApplicationTests does not declare any static, non-private, non-final, nested classes annotated with @Configuration.
2022-04-16 15:32:50.536  INFO 18788 --- [main] .b.t.c.SpringBootTestContextBootstrapper : Found @SpringBootConfiguration mao.spring_boot_business_layer_test_transaction_rollback.SpringBootBusinessLayerTestTransactionRollbackApplication for test class mao.spring_boot_business_layer_test_transaction_rollback.SpringBootBusinessLayerTestTransactionRollbackApplicationTests
2022-04-16 15:32:50.539  INFO 18788 --- [main] .b.t.c.SpringBootTestContextBootstrapper : Loaded default TestExecutionListener class names from location [META-INF/spring.factories]: [org.springframework.boot.test.mock.mockito.MockitoTestExecutionListener, org.springframework.boot.test.mock.mockito.ResetMocksTestExecutionListener, org.springframework.boot.test.autoconfigure.restdocs.RestDocsTestExecutionListener, org.springframework.boot.test.autoconfigure.web.client.MockRestServiceServerResetTestExecutionListener, org.springframework.boot.test.autoconfigure.web.servlet.MockMvcPrintOnlyOnFailureTestExecutionListener, org.springframework.boot.test.autoconfigure.web.servlet.WebDriverTestExecutionListener, org.springframework.boot.test.autoconfigure.webservices.client.MockWebServiceServerTestExecutionListener, org.springframework.test.context.web.ServletTestExecutionListener, org.springframework.test.context.support.DirtiesContextBeforeModesTestExecutionListener, org.springframework.test.context.event.ApplicationEventsTestExecutionListener, org.springframework.test.context.support.DependencyInjectionTestExecutionListener, org.springframework.test.context.support.DirtiesContextTestExecutionListener, org.springframework.test.context.transaction.TransactionalTestExecutionListener, org.springframework.test.context.jdbc.SqlScriptsTestExecutionListener, org.springframework.test.context.event.EventPublishingTestExecutionListener]
2022-04-16 15:32:50.540  INFO 18788 --- [main] .b.t.c.SpringBootTestContextBootstrapper : Using TestExecutionListeners: [org.springframework.test.context.web.ServletTestExecutionListener@2e159116, org.springframework.test.context.support.DirtiesContextBeforeModesTestExecutionListener@d1f23a0, org.springframework.test.context.event.ApplicationEventsTestExecutionListener@2976ca51, org.springframework.boot.test.mock.mockito.MockitoTestExecutionListener@6b091a92, org.springframework.boot.test.autoconfigure.SpringBootDependencyInjectionTestExecutionListener@6996bbc4, org.springframework.test.context.support.DirtiesContextTestExecutionListener@1de08775, org.springframework.test.context.transaction.TransactionalTestExecutionListener@2dbf2da, org.springframework.test.context.jdbc.SqlScriptsTestExecutionListener@21a5b599, org.springframework.test.context.event.EventPublishingTestExecutionListener@7db162f2, org.springframework.boot.test.mock.mockito.ResetMocksTestExecutionListener@64f3991e, org.springframework.boot.test.autoconfigure.restdocs.RestDocsTestExecutionListener@39e3ea78, org.springframework.boot.test.autoconfigure.web.client.MockRestServiceServerResetTestExecutionListener@35e689a0, org.springframework.boot.test.autoconfigure.web.servlet.MockMvcPrintOnlyOnFailureTestExecutionListener@43b6cb1c, org.springframework.boot.test.autoconfigure.web.servlet.WebDriverTestExecutionListener@3bf5911d, org.springframework.boot.test.autoconfigure.webservices.client.MockWebServiceServerTestExecutionListener@1de30c31]
2022-04-16 15:32:50.580  INFO 18788 --- [SpringApplicationShutdownHook] com.alibaba.druid.pool.DruidDataSource   : {dataSource-1} closing ...
2022-04-16 15:32:50.589  INFO 18788 --- [SpringApplicationShutdownHook] com.alibaba.druid.pool.DruidDataSource   : {dataSource-1} closed
