2022-04-16 14:48:06.581 DEBUG 14052 --- [http-nio-8080-exec-10] m.s.mapper.StudentMapper.selectList      : <==      Total: 607
2022-04-16 14:48:07.272 DEBUG 14052 --- [http-nio-8080-exec-2] m.s.mapper.StudentMapper.selectList      : ==>  Preparing: SELECT student_no,name,sex,telephone_number,family_telephone_number,birthday,address,id_card,email,dormitory_number,class_no,state,remarks FROM student
2022-04-16 14:48:07.273 DEBUG 14052 --- [http-nio-8080-exec-2] m.s.mapper.StudentMapper.selectList      : ==> Parameters: 
2022-04-16 14:48:07.292 DEBUG 14052 --- [http-nio-8080-exec-2] m.s.mapper.StudentMapper.selectList      : <==      Total: 607
2022-04-16 14:48:08.009 DEBUG 14052 --- [http-nio-8080-exec-2] m.s.mapper.StudentMapper.selectList      : ==>  Preparing: SELECT student_no,name,sex,telephone_number,family_telephone_number,birthday,address,id_card,email,dormitory_number,class_no,state,remarks FROM student
2022-04-16 14:48:08.009 DEBUG 14052 --- [http-nio-8080-exec-2] m.s.mapper.StudentMapper.selectList      : ==> Parameters: 
2022-04-16 14:48:08.026 DEBUG 14052 --- [http-nio-8080-exec-2] m.s.mapper.StudentMapper.selectList      : <==      Total: 607
2022-04-16 14:48:08.886 DEBUG 14052 --- [http-nio-8080-exec-3] m.s.mapper.StudentMapper.selectList      : ==>  Preparing: SELECT student_no,name,sex,telephone_number,family_telephone_number,birthday,address,id_card,email,dormitory_number,class_no,state,remarks FROM student
2022-04-16 14:48:08.887 DEBUG 14052 --- [http-nio-8080-exec-3] m.s.mapper.StudentMapper.selectList      : ==> Parameters: 
2022-04-16 14:48:08.905 DEBUG 14052 --- [http-nio-8080-exec-3] m.s.mapper.StudentMapper.selectList      : <==      Total: 607
2022-04-16 14:48:09.514 DEBUG 14052 --- [http-nio-8080-exec-4] m.s.mapper.StudentMapper.selectList      : ==>  Preparing: SELECT student_no,name,sex,telephone_number,family_telephone_number,birthday,address,id_card,email,dormitory_number,class_no,state,remarks FROM student
2022-04-16 14:48:09.515 DEBUG 14052 --- [http-nio-8080-exec-4] m.s.mapper.StudentMapper.selectList      : ==> Parameters: 
2022-04-16 14:48:09.533 DEBUG 14052 --- [http-nio-8080-exec-4] m.s.mapper.StudentMapper.selectList      : <==      Total: 607
2022-04-16 14:48:10.729 DEBUG 14052 --- [http-nio-8080-exec-6] m.s.mapper.StudentMapper.selectList      : ==>  Preparing: SELECT student_no,name,sex,telephone_number,family_telephone_number,birthday,address,id_card,email,dormitory_number,class_no,state,remarks FROM student
2022-04-16 14:48:10.730 DEBUG 14052 --- [http-nio-8080-exec-6] m.s.mapper.StudentMapper.selectList      : ==> Parameters: 
2022-04-16 14:48:10.748 DEBUG 14052 --- [http-nio-8080-exec-6] m.s.mapper.StudentMapper.selectList      : <==      Total: 607
2022-04-16 14:48:11.438 DEBUG 14052 --- [http-nio-8080-exec-6] m.s.mapper.StudentMapper.selectList      : ==>  Preparing: SELECT student_no,name,sex,telephone_number,family_telephone_number,birthday,address,id_card,email,dormitory_number,class_no,state,remarks FROM student
2022-04-16 14:48:11.438 DEBUG 14052 --- [http-nio-8080-exec-6] m.s.mapper.StudentMapper.selectList      : ==> Parameters: 
2022-04-16 14:48:11.455 DEBUG 14052 --- [http-nio-8080-exec-6] m.s.mapper.StudentMapper.selectList      : <==      Total: 607
2022-04-16 14:48:11.950 DEBUG 14052 --- [http-nio-8080-exec-5] m.s.mapper.StudentMapper.selectList      : ==>  Preparing: SELECT student_no,name,sex,telephone_number,family_telephone_number,birthday,address,id_card,email,dormitory_number,class_no,state,remarks FROM student
2022-04-16 14:48:11.950 DEBUG 14052 --- [http-nio-8080-exec-5] m.s.mapper.StudentMapper.selectList      : ==> Parameters: 
2022-04-16 14:48:11.972 DEBUG 14052 --- [http-nio-8080-exec-5] m.s.mapper.StudentMapper.selectList      : <==      Total: 607
2022-04-16 14:48:25.711 DEBUG 14052 --- [http-nio-8080-exec-8] m.s.mapper.StudentMapper.selectList      : ==>  Preparing: SELECT student_no,name,sex,telephone_number,family_telephone_number,birthday,address,id_card,email,dormitory_number,class_no,state,remarks FROM student
2022-04-16 14:48:25.711 DEBUG 14052 --- [http-nio-8080-exec-8] m.s.mapper.StudentMapper.selectList      : ==> Parameters: 
2022-04-16 14:48:25.729 DEBUG 14052 --- [http-nio-8080-exec-8] m.s.mapper.StudentMapper.selectList      : <==      Total: 607
2022-04-16 14:48:32.592  INFO 14052 --- [SpringApplicationShutdownHook] com.alibaba.druid.pool.DruidDataSource   : {dataSource-1} closing ...
2022-04-16 14:48:32.595  INFO 14052 --- [SpringApplicationShutdownHook] com.alibaba.druid.pool.DruidDataSource   : {dataSource-1} closed
2022-04-16 14:48:34.870  INFO 3600 --- [restartedMain] sLayerTestTransactionRollbackApplication : Starting SpringBootBusinessLayerTestTransactionRollbackApplication using Java 16.0.2 on mao with PID 3600 (H:\程序\大三下期\spring_boot业务层测试事务回滚\target\classes started by mao in H:\程序\大三下期\spring_boot业务层测试事务回滚)
2022-04-16 14:48:34.871 DEBUG 3600 --- [restartedMain] sLayerTestTransactionRollbackApplication : Running with Spring Boot v2.6.6, Spring v5.3.18
2022-04-16 14:48:34.871  INFO 3600 --- [restartedMain] sLayerTestTransactionRollbackApplication : The following 1 profile is active: "dev"
2022-04-16 14:48:34.903  INFO 3600 --- [restartedMain] .e.DevToolsPropertyDefaultsPostProcessor : Devtools property defaults active! Set 'spring.devtools.add-properties' to 'false' to disable
2022-04-16 14:48:34.903  INFO 3600 --- [restartedMain] .e.DevToolsPropertyDefaultsPostProcessor : For additional web related logging consider setting the 'logging.level.web' property to 'DEBUG'
2022-04-16 14:48:35.706  INFO 3600 --- [restartedMain] o.s.b.w.embedded.tomcat.TomcatWebServer  : Tomcat initialized with port(s): 8080 (http)
2022-04-16 14:48:35.712  INFO 3600 --- [restartedMain] o.apache.catalina.core.StandardService   : Starting service [Tomcat]
2022-04-16 14:48:35.712  INFO 3600 --- [restartedMain] org.apache.catalina.core.StandardEngine  : Starting Servlet engine: [Apache Tomcat/9.0.60]
2022-04-16 14:48:35.771  INFO 3600 --- [restartedMain] o.a.c.c.C.[Tomcat].[localhost].[/]       : Initializing Spring embedded WebApplicationContext
2022-04-16 14:48:35.771  INFO 3600 --- [restartedMain] w.s.c.ServletWebServerApplicationContext : Root WebApplicationContext: initialization completed in 867 ms
2022-04-16 14:48:35.832  INFO 3600 --- [restartedMain] c.a.d.s.b.a.DruidDataSourceAutoConfigure : Init DruidDataSource
2022-04-16 14:48:35.926  INFO 3600 --- [restartedMain] com.alibaba.druid.pool.DruidDataSource   : {dataSource-1} inited
2022-04-16 14:48:36.393  INFO 3600 --- [restartedMain] o.s.b.d.a.OptionalLiveReloadServer       : LiveReload server is running on port 35729
2022-04-16 14:48:36.426  INFO 3600 --- [restartedMain] o.s.b.w.embedded.tomcat.TomcatWebServer  : Tomcat started on port(s): 8080 (http) with context path ''
2022-04-16 14:48:36.436  INFO 3600 --- [restartedMain] sLayerTestTransactionRollbackApplication : Started SpringBootBusinessLayerTestTransactionRollbackApplication in 1.903 seconds (JVM running for 2.423)
2022-04-16 14:48:38.243  INFO 3600 --- [http-nio-8080-exec-1] o.a.c.c.C.[Tomcat].[localhost].[/]       : Initializing Spring DispatcherServlet 'dispatcherServlet'
2022-04-16 14:48:38.243  INFO 3600 --- [http-nio-8080-exec-1] o.s.web.servlet.DispatcherServlet        : Initializing Servlet 'dispatcherServlet'
2022-04-16 14:48:38.244  INFO 3600 --- [http-nio-8080-exec-1] o.s.web.servlet.DispatcherServlet        : Completed initialization in 1 ms
2022-04-16 14:48:38.793 DEBUG 3600 --- [http-nio-8080-exec-9] m.s.mapper.StudentMapper.selectList      : ==>  Preparing: SELECT student_no,name,sex,telephone_number,family_telephone_number,birthday,address,id_card,email,dormitory_number,class_no,state,remarks FROM student
2022-04-16 14:48:38.810 DEBUG 3600 --- [http-nio-8080-exec-9] m.s.mapper.StudentMapper.selectList      : ==> Parameters: 
2022-04-16 14:48:38.871 DEBUG 3600 --- [http-nio-8080-exec-9] m.s.mapper.StudentMapper.selectList      : <==      Total: 607
2022-04-16 14:49:37.286  INFO 3600 --- [SpringApplicationShutdownHook] com.alibaba.druid.pool.DruidDataSource   : {dataSource-1} closing ...
2022-04-16 14:49:37.289  INFO 3600 --- [SpringApplicationShutdownHook] com.alibaba.druid.pool.DruidDataSource   : {dataSource-1} closed
2022-04-16 14:49:38.768  INFO 12164 --- [restartedMain] sLayerTestTransactionRollbackApplication : Starting SpringBootBusinessLayerTestTransactionRollbackApplication using Java 16.0.2 on mao with PID 12164 (H:\程序\大三下期\spring_boot业务层测试事务回滚\target\classes started by mao in H:\程序\大三下期\spring_boot业务层测试事务回滚)
2022-04-16 14:49:38.768 DEBUG 12164 --- [restartedMain] sLayerTestTransactionRollbackApplication : Running with Spring Boot v2.6.6, Spring v5.3.18
2022-04-16 14:49:38.769  INFO 12164 --- [restartedMain] sLayerTestTransactionRollbackApplication : The following 1 profile is active: "dev"
2022-04-16 14:49:38.803  INFO 12164 --- [restartedMain] .e.DevToolsPropertyDefaultsPostProcessor : Devtools property defaults active! Set 'spring.devtools.add-properties' to 'false' to disable
2022-04-16 14:49:38.804  INFO 12164 --- [restartedMain] .e.DevToolsPropertyDefaultsPostProcessor : For additional web related logging consider setting the 'logging.level.web' property to 'DEBUG'
2022-04-16 14:49:39.582  INFO 12164 --- [restartedMain] o.s.b.w.embedded.tomcat.TomcatWebServer  : Tomcat initialized with port(s): 8080 (http)
2022-04-16 14:49:39.588  INFO 12164 --- [restartedMain] o.apache.catalina.core.StandardService   : Starting service [Tomcat]
2022-04-16 14:49:39.588  INFO 12164 --- [restartedMain] org.apache.catalina.core.StandardEngine  : Starting Servlet engine: [Apache Tomcat/9.0.60]
2022-04-16 14:49:39.647  INFO 12164 --- [restartedMain] o.a.c.c.C.[Tomcat].[localhost].[/]       : Initializing Spring embedded WebApplicationContext
2022-04-16 14:49:39.647  INFO 12164 --- [restartedMain] w.s.c.ServletWebServerApplicationContext : Root WebApplicationContext: initialization completed in 843 ms
2022-04-16 14:49:39.705  INFO 12164 --- [restartedMain] c.a.d.s.b.a.DruidDataSourceAutoConfigure : Init DruidDataSource
2022-04-16 14:49:39.799  INFO 12164 --- [restartedMain] com.alibaba.druid.pool.DruidDataSource   : {dataSource-1} inited
2022-04-16 14:49:40.271  INFO 12164 --- [restartedMain] o.s.b.d.a.OptionalLiveReloadServer       : LiveReload server is running on port 35729
2022-04-16 14:49:40.305  INFO 12164 --- [restartedMain] o.s.b.w.embedded.tomcat.TomcatWebServer  : Tomcat started on port(s): 8080 (http) with context path ''
2022-04-16 14:49:40.316  INFO 12164 --- [restartedMain] sLayerTestTransactionRollbackApplication : Started SpringBootBusinessLayerTestTransactionRollbackApplication in 1.881 seconds (JVM running for 2.408)
2022-04-16 14:49:44.284  INFO 12164 --- [http-nio-8080-exec-1] o.a.c.c.C.[Tomcat].[localhost].[/]       : Initializing Spring DispatcherServlet 'dispatcherServlet'
2022-04-16 14:49:44.284  INFO 12164 --- [http-nio-8080-exec-1] o.s.web.servlet.DispatcherServlet        : Initializing Servlet 'dispatcherServlet'
2022-04-16 14:49:44.285  INFO 12164 --- [http-nio-8080-exec-1] o.s.web.servlet.DispatcherServlet        : Completed initialization in 1 ms
2022-04-16 14:49:44.801 DEBUG 12164 --- [http-nio-8080-exec-10] m.s.mapper.StudentMapper.selectList      : ==>  Preparing: SELECT student_no,name,sex,telephone_number,family_telephone_number,birthday,address,id_card,email,dormitory_number,class_no,state,remarks FROM student
2022-04-16 14:49:44.820 DEBUG 12164 --- [http-nio-8080-exec-10] m.s.mapper.StudentMapper.selectList      : ==> Parameters: 
2022-04-16 14:49:44.883 DEBUG 12164 --- [http-nio-8080-exec-10] m.s.mapper.StudentMapper.selectList      : <==      Total: 607
2022-04-16 14:50:06.396  INFO 12164 --- [SpringApplicationShutdownHook] com.alibaba.druid.pool.DruidDataSource   : {dataSource-1} closing ...
2022-04-16 14:50:06.399  INFO 12164 --- [SpringApplicationShutdownHook] com.alibaba.druid.pool.DruidDataSource   : {dataSource-1} closed
2022-04-16 14:50:08.730  INFO 7736 --- [restartedMain] sLayerTestTransactionRollbackApplication : Starting SpringBootBusinessLayerTestTransactionRollbackApplication using Java 16.0.2 on mao with PID 7736 (H:\程序\大三下期\spring_boot业务层测试事务回滚\target\classes started by mao in H:\程序\大三下期\spring_boot业务层测试事务回滚)
2022-04-16 14:50:08.731 DEBUG 7736 --- [restartedMain] sLayerTestTransactionRollbackApplication : Running with Spring Boot v2.6.6, Spring v5.3.18
2022-04-16 14:50:08.731  INFO 7736 --- [restartedMain] sLayerTestTransactionRollbackApplication : The following 1 profile is active: "dev"
2022-04-16 14:50:08.763  INFO 7736 --- [restartedMain] .e.DevToolsPropertyDefaultsPostProcessor : Devtools property defaults active! Set 'spring.devtools.add-properties' to 'false' to disable
2022-04-16 14:50:08.763  INFO 7736 --- [restartedMain] .e.DevToolsPropertyDefaultsPostProcessor : For additional web related logging consider setting the 'logging.level.web' property to 'DEBUG'
2022-04-16 14:50:09.534  INFO 7736 --- [restartedMain] o.s.b.w.embedded.tomcat.TomcatWebServer  : Tomcat initialized with port(s): 8080 (http)
2022-04-16 14:50:09.540  INFO 7736 --- [restartedMain] o.apache.catalina.core.StandardService   : Starting service [Tomcat]
2022-04-16 14:50:09.541  INFO 7736 --- [restartedMain] org.apache.catalina.core.StandardEngine  : Starting Servlet engine: [Apache Tomcat/9.0.60]
2022-04-16 14:50:09.602  INFO 7736 --- [restartedMain] o.a.c.c.C.[Tomcat].[localhost].[/]       : Initializing Spring embedded WebApplicationContext
2022-04-16 14:50:09.602  INFO 7736 --- [restartedMain] w.s.c.ServletWebServerApplicationContext : Root WebApplicationContext: initialization completed in 838 ms
2022-04-16 14:50:09.662  INFO 7736 --- [restartedMain] c.a.d.s.b.a.DruidDataSourceAutoConfigure : Init DruidDataSource
2022-04-16 14:50:09.760  INFO 7736 --- [restartedMain] com.alibaba.druid.pool.DruidDataSource   : {dataSource-1} inited
2022-04-16 14:50:10.217  INFO 7736 --- [restartedMain] o.s.b.d.a.OptionalLiveReloadServer       : LiveReload server is running on port 35729
2022-04-16 14:50:10.250  INFO 7736 --- [restartedMain] o.s.b.w.embedded.tomcat.TomcatWebServer  : Tomcat started on port(s): 8080 (http) with context path ''
2022-04-16 14:50:10.260  INFO 7736 --- [restartedMain] sLayerTestTransactionRollbackApplication : Started SpringBootBusinessLayerTestTransactionRollbackApplication in 1.863 seconds (JVM running for 2.381)
2022-04-16 14:50:12.238  INFO 7736 --- [http-nio-8080-exec-1] o.a.c.c.C.[Tomcat].[localhost].[/]       : Initializing Spring DispatcherServlet 'dispatcherServlet'
2022-04-16 14:50:12.239  INFO 7736 --- [http-nio-8080-exec-1] o.s.web.servlet.DispatcherServlet        : Initializing Servlet 'dispatcherServlet'
2022-04-16 14:50:12.240  INFO 7736 --- [http-nio-8080-exec-1] o.s.web.servlet.DispatcherServlet        : Completed initialization in 0 ms
2022-04-16 14:50:12.766 DEBUG 7736 --- [http-nio-8080-exec-9] m.s.mapper.StudentMapper.selectList      : ==>  Preparing: SELECT student_no,name,sex,telephone_number,family_telephone_number,birthday,address,id_card,email,dormitory_number,class_no,state,remarks FROM student
2022-04-16 14:50:12.783 DEBUG 7736 --- [http-nio-8080-exec-9] m.s.mapper.StudentMapper.selectList      : ==> Parameters: 
2022-04-16 14:50:12.844 DEBUG 7736 --- [http-nio-8080-exec-9] m.s.mapper.StudentMapper.selectList      : <==      Total: 607
2022-04-16 14:50:32.283  INFO 7736 --- [SpringApplicationShutdownHook] com.alibaba.druid.pool.DruidDataSource   : {dataSource-1} closing ...
2022-04-16 14:50:32.287  INFO 7736 --- [SpringApplicationShutdownHook] com.alibaba.druid.pool.DruidDataSource   : {dataSource-1} closed
2022-04-16 14:50:34.628  INFO 13360 --- [restartedMain] sLayerTestTransactionRollbackApplication : Starting SpringBootBusinessLayerTestTransactionRollbackApplication using Java 16.0.2 on mao with PID 13360 (H:\程序\大三下期\spring_boot业务层测试事务回滚\target\classes started by mao in H:\程序\大三下期\spring_boot业务层测试事务回滚)
2022-04-16 14:50:34.629 DEBUG 13360 --- [restartedMain] sLayerTestTransactionRollbackApplication : Running with Spring Boot v2.6.6, Spring v5.3.18
2022-04-16 14:50:34.629  INFO 13360 --- [restartedMain] sLayerTestTransactionRollbackApplication : The following 1 profile is active: "dev"
2022-04-16 14:50:34.663  INFO 13360 --- [restartedMain] .e.DevToolsPropertyDefaultsPostProcessor : Devtools property defaults active! Set 'spring.devtools.add-properties' to 'false' to disable
2022-04-16 14:50:34.663  INFO 13360 --- [restartedMain] .e.DevToolsPropertyDefaultsPostProcessor : For additional web related logging consider setting the 'logging.level.web' property to 'DEBUG'
